Build started 9/30/2013 2:37:01 AM.
     1>Project "C:\Users\james\Documents\GitHub\CIS462_HW1\CurveEditor\CurveEditor.vcxproj" on node 2 (Build target(s)).
     1>InitializeBuildStatus:
         Creating "Release\CurveEditor.unsuccessfulbuild" because "AlwaysCreate" was specified.
       CustomBuild:
         All outputs are up-to-date.
       ClCompile:
         c:\Program Files (x86)\Microsoft Visual Studio 10.0\VC\bin\CL.exe /c /I.\GeneratedFiles /I.\GeneratedFiles\Release /I..\QT\include\QtGui /I..\QT\include\QtCore /I..\QT\include\qtmain /I..\QT\include /I.\ /nologo /W1 /WX- /O2 /Oy- /D UNICODE /D WIN32 /D QT_LARGEFILE_SUPPORT /D QT_NO_DEBUG /D NDEBUG /D QT_CORE_LIB /D QT_GUI_LIB /D QT_DLL /Gm- /EHsc /MD /GS /fp:precise /Zc:wchar_t- /Zc:forScope /Fo"Release\\" /Fd"Release\vc100.pdb" /Gd /TP /analyze- /errorReport:prompt spline.cpp
         spline.cpp
         All outputs are up-to-date.
       Link:
         c:\Program Files (x86)\Microsoft Visual Studio 10.0\VC\bin\link.exe /ERRORREPORT:PROMPT /OUT:"C:\Users\james\Documents\GitHub\CIS462_HW1\Release\CurveEditor.exe" /NOLOGO /LIBPATH:..\QT\lib qtmain.lib QtCore4.lib QtGui4.lib kernel32.lib user32.lib gdi32.lib winspool.lib comdlg32.lib advapi32.lib shell32.lib ole32.lib oleaut32.lib uuid.lib odbc32.lib odbccp32.lib /MANIFEST /ManifestFile:"Release\CurveEditor.exe.intermediate.manifest" /MANIFESTUAC:"level='asInvoker' uiAccess='false'" /PDB:"C:\Users\james\Documents\GitHub\CIS462_HW1\Release\CurveEditor.pdb" /SUBSYSTEM:WINDOWS /TLBID:1 /DYNAMICBASE /NXCOMPAT /IMPLIB:"C:\Users\james\Documents\GitHub\CIS462_HW1\Release\CurveEditor.lib" /MACHINE:X86 Release\aboutdialog.obj
         Release\edge.obj
         Release\graphicsscene.obj
         Release\graphwidget.obj
         Release\main.obj
         Release\mainwindow.obj
         Release\node.obj
         Release\spline.obj
         Release\svzalgebra.obj
         Release\qrc_Resource.obj
         Release\moc_aboutdialog.obj
         Release\moc_graphicsscene.obj
         Release\moc_graphwidget.obj
         Release\moc_mainwindow.obj
         CurveEditor.vcxproj -> C:\Users\james\Documents\GitHub\CIS462_HW1\Release\CurveEditor.exe
       Manifest:
         c:\Program Files (x86)\Microsoft SDKs\Windows\v7.0A\bin\mt.exe /nologo /verbose /outputresource:"C:\Users\james\Documents\GitHub\CIS462_HW1\Release\CurveEditor.exe;#1" /manifest Release\CurveEditor.exe.intermediate.manifest
       FinalizeBuildStatus:
         Deleting file "Release\CurveEditor.unsuccessfulbuild".
         Touching "Release\CurveEditor.lastbuildstate".
     1>Done Building Project "C:\Users\james\Documents\GitHub\CIS462_HW1\CurveEditor\CurveEditor.vcxproj" (Build target(s)).

Build succeeded.

Time Elapsed 00:00:01.42
